<?xml version="1.0" encoding="UTF-8"?>
<!-- Generated by org.testng.reporters.JUnitReportReporter -->
<testsuite hostname="Testing-2" name="GIT.App" tests="1" failures="0" timestamp="12 Jun 2017 09:19:48 GMT" time="0.030" errors="0">
  <testcase name="SignUp" time="0.030" classname="GIT.App"/>
</testsuite> <!-- GIT.App -->
